# JRE version: Java(TM) SE Runtime Environment (17.0.6+9) (build 17.0.6+9-LTS-190)
# Java VM: Java HotSpot(TM) 64-Bit Server VM (17.0.6+9-LTS-190, mixed mode, sharing, tiered, compressed oops, compressed class ptrs, g1 gc, windows-amd64)
GC Precious Log:
 CPUs: 4 total, 4 available
 Memory: 3970M
 Large Page Support: Disabled
 NUMA Support: Disabled
 Compressed Oops: Enabled (32-bit)
 Heap Region Size: 1M
 Heap Min Capacity: 8M
 Heap Initial Capacity: 64M
 Heap Max Capacity: 994M
 Pre-touch: Disabled
 Parallel Workers: 4
 Concurrent Workers: 1
 Concurrent Refinement Workers: 4
 Periodic GC: Disabled
Heap:
 garbage-first heap   total 363520K, used 5785K [0x00000000c1e00000, 0x0000000100000000)
  region size 1024K, 1 young (1024K), 1 survivors (1024K)
 Metaspace       used 7211K, committed 7360K, reserved 1056768K
  class space    used 872K, committed 960K, reserved 1048576K
GC Heap History (20 events):
Event: 9.059 GC heap after
{Heap after GC invocations=26 (full 0):
 garbage-first heap   total 363520K, used 5781K [0x00000000c1e00000, 0x0000000100000000)
  region size 1024K, 1 young (1024K), 1 survivors (1024K)
 Metaspace       used 7210K, committed 7360K, reserved 1056768K
  class space    used 872K, committed 960K, reserved 1048576K
}
Event: 9.121 GC heap before
{Heap before GC invocations=26 (full 0):
 garbage-first heap   total 363520K, used 22165K [0x00000000c1e00000, 0x0000000100000000)
  region size 1024K, 17 young (17408K), 1 survivors (1024K)
 Metaspace       used 7210K, committed 7360K, reserved 1056768K
  class space    used 872K, committed 960K, reserved 1048576K
}
Event: 9.123 GC heap after
{Heap after GC invocations=27 (full 0):
 garbage-first heap   total 363520K, used 5781K [0x00000000c1e00000, 0x0000000100000000)
  region size 1024K, 1 young (1024K), 1 survivors (1024K)
 Metaspace       used 7210K, committed 7360K, reserved 1056768K
  class space    used 872K, committed 960K, reserved 1048576K
}
Event: 10.210 GC heap before
{Heap before GC invocations=27 (full 0):
 garbage-first heap   total 363520K, used 222869K [0x00000000c1e00000, 0x0000000100000000)
  region size 1024K, 213 young (218112K), 1 survivors (1024K)
 Metaspace       used 7210K, committed 7360K, reserved 1056768K
  class space    used 872K, committed 960K, reserved 1048576K
}
Event: 10.211 GC heap after
{Heap after GC invocations=28 (full 0):
 garbage-first heap   total 363520K, used 5785K [0x00000000c1e00000, 0x0000000100000000)
  region size 1024K, 1 young (1024K), 1 survivors (1024K)
 Metaspace       used 7210K, committed 7360K, reserved 1056768K
  class space    used 872K, committed 960K, reserved 1048576K
}
Event: 10.396 GC heap before
{Heap before GC invocations=28 (full 0):
 garbage-first heap   total 363520K, used 222873K [0x00000000c1e00000, 0x0000000100000000)
  region size 1024K, 213 young (218112K), 1 survivors (1024K)
 Metaspace       used 7210K, committed 7360K, reserved 1056768K
  class space    used 872K, committed 960K, reserved 1048576K
}
Event: 10.397 GC heap after
{Heap after GC invocations=29 (full 0):
 garbage-first heap   total 363520K, used 5785K [0x00000000c1e00000, 0x0000000100000000)
  region size 1024K, 1 young (1024K), 1 survivors (1024K)
 Metaspace       used 7210K, committed 7360K, reserved 1056768K
  class space    used 872K, committed 960K, reserved 1048576K
}
Event: 10.607 GC heap before
{Heap before GC invocations=29 (full 0):
 garbage-first heap   total 363520K, used 222873K [0x00000000c1e00000, 0x0000000100000000)
  region size 1024K, 213 young (218112K), 1 survivors (1024K)
 Metaspace       used 7210K, committed 7360K, reserved 1056768K
  class space    used 872K, committed 960K, reserved 1048576K
}
Event: 10.608 GC heap after
{Heap after GC invocations=30 (full 0):
 garbage-first heap   total 363520K, used 5785K [0x00000000c1e00000, 0x0000000100000000)
  region size 1024K, 1 young (1024K), 1 survivors (1024K)
 Metaspace       used 7210K, committed 7360K, reserved 1056768K
  class space    used 872K, committed 960K, reserved 1048576K
}
Event: 10.741 GC heap before
{Heap before GC invocations=30 (full 0):
 garbage-first heap   total 363520K, used 222873K [0x00000000c1e00000, 0x0000000100000000)
  region size 1024K, 213 young (218112K), 1 survivors (1024K)
 Metaspace       used 7210K, committed 7360K, reserved 1056768K
  class space    used 872K, committed 960K, reserved 1048576K
}
Event: 10.742 GC heap after
{Heap after GC invocations=31 (full 0):
 garbage-first heap   total 363520K, used 5785K [0x00000000c1e00000, 0x0000000100000000)
  region size 1024K, 1 young (1024K), 1 survivors (1024K)
 Metaspace       used 7210K, committed 7360K, reserved 1056768K
  class space    used 872K, committed 960K, reserved 1048576K
}
Event: 10.901 GC heap before
{Heap before GC invocations=31 (full 0):
 garbage-first heap   total 363520K, used 222873K [0x00000000c1e00000, 0x0000000100000000)
  region size 1024K, 213 young (218112K), 1 survivors (1024K)
 Metaspace       used 7210K, committed 7360K, reserved 1056768K
  class space    used 872K, committed 960K, reserved 1048576K
}
Event: 10.910 GC heap after
{Heap after GC invocations=32 (full 0):
 garbage-first heap   total 363520K, used 5785K [0x00000000c1e00000, 0x0000000100000000)
  region size 1024K, 1 young (1024K), 1 survivors (1024K)
 Metaspace       used 7210K, committed 7360K, reserved 1056768K
  class space    used 872K, committed 960K, reserved 1048576K
}
Event: 11.160 GC heap before
{Heap before GC invocations=32 (full 0):
 garbage-first heap   total 363520K, used 222873K [0x00000000c1e00000, 0x0000000100000000)
  region size 1024K, 213 young (218112K), 1 survivors (1024K)
 Metaspace       used 7211K, committed 7360K, reserved 1056768K
  class space    used 872K, committed 960K, reserved 1048576K
}
Event: 11.161 GC heap after
{Heap after GC invocations=33 (full 0):
 garbage-first heap   total 363520K, used 5785K [0x00000000c1e00000, 0x0000000100000000)
  region size 1024K, 1 young (1024K), 1 survivors (1024K)
 Metaspace       used 7211K, committed 7360K, reserved 1056768K
  class space    used 872K, committed 960K, reserved 1048576K
}
Event: 11.346 GC heap before
{Heap before GC invocations=33 (full 0):
 garbage-first heap   total 363520K, used 222873K [0x00000000c1e00000, 0x0000000100000000)
  region size 1024K, 213 young (218112K), 1 survivors (1024K)
 Metaspace       used 7211K, committed 7360K, reserved 1056768K
  class space    used 872K, committed 960K, reserved 1048576K
}
Event: 11.376 GC heap after
{Heap after GC invocations=34 (full 0):
 garbage-first heap   total 363520K, used 5785K [0x00000000c1e00000, 0x0000000100000000)
  region size 1024K, 1 young (1024K), 1 survivors (1024K)
 Metaspace       used 7211K, committed 7360K, reserved 1056768K
  class space    used 872K, committed 960K, reserved 1048576K
}
Event: 11.587 GC heap before
{Heap before GC invocations=34 (full 0):
 garbage-first heap   total 363520K, used 222873K [0x00000000c1e00000, 0x0000000100000000)
  region size 1024K, 213 young (218112K), 1 survivors (1024K)
 Metaspace       used 7211K, committed 7360K, reserved 1056768K
  class space    used 872K, committed 960K, reserved 1048576K
}
Event: 11.595 GC heap after
{Heap after GC invocations=35 (full 0):
 garbage-first heap   total 363520K, used 5783K [0x00000000c1e00000, 0x0000000100000000)
  region size 1024K, 1 young (1024K), 1 survivors (1024K)
 Metaspace       used 7211K, committed 7360K, reserved 1056768K
  class space    used 872K, committed 960K, reserved 1048576K
}
Event: 11.830 GC heap before
{Heap before GC invocations=35 (full 0):
 garbage-first heap   total 363520K, used 222871K [0x00000000c1e00000, 0x0000000100000000)
  region size 1024K, 213 young (218112K), 1 survivors (1024K)
 Metaspace       used 7211K, committed 7360K, reserved 1056768K
  class space    used 872K, committed 960K, reserved 1048576K
}

