# JRE version: Java(TM) SE Runtime Environment (17.0.6+9) (build 17.0.6+9-LTS-190)
# Java VM: Java HotSpot(TM) 64-Bit Server VM (17.0.6+9-LTS-190, mixed mode, sharing, tiered, compressed oops, compressed class ptrs, g1 gc, windows-amd64)
GC Precious Log:
 CPUs: 4 total, 4 available
 Memory: 3970M
 Large Page Support: Disabled
 NUMA Support: Disabled
 Compressed Oops: Enabled (32-bit)
 Heap Region Size: 1M
 Heap Min Capacity: 8M
 Heap Initial Capacity: 64M
 Heap Max Capacity: 994M
 Pre-touch: Disabled
 Parallel Workers: 4
 Concurrent Workers: 1
 Concurrent Refinement Workers: 4
 Periodic GC: Disabled
Heap:
 garbage-first heap   total 551936K, used 5716K [0x00000000c1e00000, 0x0000000100000000)
  region size 1024K, 1 young (1024K), 1 survivors (1024K)
 Metaspace       used 7186K, committed 7360K, reserved 1056768K
  class space    used 872K, committed 960K, reserved 1048576K
GC Heap History (20 events):
Event: 4.267 GC heap after
{Heap after GC invocations=14 (full 0):
 garbage-first heap   total 240640K, used 5689K [0x00000000c1e00000, 0x0000000100000000)
  region size 1024K, 1 young (1024K), 1 survivors (1024K)
 Metaspace       used 7184K, committed 7360K, reserved 1056768K
  class space    used 872K, committed 960K, reserved 1048576K
}
Event: 4.280 GC heap before
{Heap before GC invocations=14 (full 0):
 garbage-first heap   total 240640K, used 15929K [0x00000000c1e00000, 0x0000000100000000)
  region size 1024K, 11 young (11264K), 1 survivors (1024K)
 Metaspace       used 7184K, committed 7360K, reserved 1056768K
  class space    used 872K, committed 960K, reserved 1048576K
}
Event: 4.717 GC heap after
{Heap after GC invocations=15 (full 0):
 garbage-first heap   total 551936K, used 5694K [0x00000000c1e00000, 0x0000000100000000)
  region size 1024K, 1 young (1024K), 1 survivors (1024K)
 Metaspace       used 7184K, committed 7360K, reserved 1056768K
  class space    used 872K, committed 960K, reserved 1048576K
}
Event: 4.798 GC heap before
{Heap before GC invocations=15 (full 0):
 garbage-first heap   total 551936K, used 31294K [0x00000000c1e00000, 0x0000000100000000)
  region size 1024K, 26 young (26624K), 1 survivors (1024K)
 Metaspace       used 7184K, committed 7360K, reserved 1056768K
  class space    used 872K, committed 960K, reserved 1048576K
}
Event: 4.800 GC heap after
{Heap after GC invocations=16 (full 0):
 garbage-first heap   total 551936K, used 5703K [0x00000000c1e00000, 0x0000000100000000)
  region size 1024K, 1 young (1024K), 1 survivors (1024K)
 Metaspace       used 7184K, committed 7360K, reserved 1056768K
  class space    used 872K, committed 960K, reserved 1048576K
}
Event: 4.812 GC heap before
{Heap before GC invocations=16 (full 0):
 garbage-first heap   total 551936K, used 31303K [0x00000000c1e00000, 0x0000000100000000)
  region size 1024K, 26 young (26624K), 1 survivors (1024K)
 Metaspace       used 7184K, committed 7360K, reserved 1056768K
  class space    used 872K, committed 960K, reserved 1048576K
}
Event: 4.815 GC heap after
{Heap after GC invocations=17 (full 0):
 garbage-first heap   total 551936K, used 5736K [0x00000000c1e00000, 0x0000000100000000)
  region size 1024K, 1 young (1024K), 1 survivors (1024K)
 Metaspace       used 7184K, committed 7360K, reserved 1056768K
  class space    used 872K, committed 960K, reserved 1048576K
}
Event: 4.831 GC heap before
{Heap before GC invocations=17 (full 0):
 garbage-first heap   total 551936K, used 31336K [0x00000000c1e00000, 0x0000000100000000)
  region size 1024K, 26 young (26624K), 1 survivors (1024K)
 Metaspace       used 7184K, committed 7360K, reserved 1056768K
  class space    used 872K, committed 960K, reserved 1048576K
}
Event: 4.832 GC heap after
{Heap after GC invocations=18 (full 0):
 garbage-first heap   total 551936K, used 5713K [0x00000000c1e00000, 0x0000000100000000)
  region size 1024K, 1 young (1024K), 1 survivors (1024K)
 Metaspace       used 7184K, committed 7360K, reserved 1056768K
  class space    used 872K, committed 960K, reserved 1048576K
}
Event: 7.197 GC heap before
{Heap before GC invocations=18 (full 0):
 garbage-first heap   total 551936K, used 335441K [0x00000000c1e00000, 0x0000000100000000)
  region size 1024K, 323 young (330752K), 1 survivors (1024K)
 Metaspace       used 7186K, committed 7360K, reserved 1056768K
  class space    used 872K, committed 960K, reserved 1048576K
}
Event: 8.037 GC heap after
{Heap after GC invocations=19 (full 0):
 garbage-first heap   total 551936K, used 5709K [0x00000000c1e00000, 0x0000000100000000)
  region size 1024K, 1 young (1024K), 1 survivors (1024K)
 Metaspace       used 7186K, committed 7360K, reserved 1056768K
  class space    used 872K, committed 960K, reserved 1048576K
}
Event: 8.102 GC heap before
{Heap before GC invocations=19 (full 0):
 garbage-first heap   total 551936K, used 31309K [0x00000000c1e00000, 0x0000000100000000)
  region size 1024K, 26 young (26624K), 1 survivors (1024K)
 Metaspace       used 7186K, committed 7360K, reserved 1056768K
  class space    used 872K, committed 960K, reserved 1048576K
}
Event: 8.103 GC heap after
{Heap after GC invocations=20 (full 0):
 garbage-first heap   total 551936K, used 5707K [0x00000000c1e00000, 0x0000000100000000)
  region size 1024K, 1 young (1024K), 1 survivors (1024K)
 Metaspace       used 7186K, committed 7360K, reserved 1056768K
  class space    used 872K, committed 960K, reserved 1048576K
}
Event: 8.161 GC heap before
{Heap before GC invocations=20 (full 0):
 garbage-first heap   total 551936K, used 31307K [0x00000000c1e00000, 0x0000000100000000)
  region size 1024K, 26 young (26624K), 1 survivors (1024K)
 Metaspace       used 7186K, committed 7360K, reserved 1056768K
  class space    used 872K, committed 960K, reserved 1048576K
}
Event: 8.162 GC heap after
{Heap after GC invocations=21 (full 0):
 garbage-first heap   total 551936K, used 5707K [0x00000000c1e00000, 0x0000000100000000)
  region size 1024K, 1 young (1024K), 1 survivors (1024K)
 Metaspace       used 7186K, committed 7360K, reserved 1056768K
  class space    used 872K, committed 960K, reserved 1048576K
}
Event: 8.194 GC heap before
{Heap before GC invocations=21 (full 0):
 garbage-first heap   total 551936K, used 31307K [0x00000000c1e00000, 0x0000000100000000)
  region size 1024K, 26 young (26624K), 1 survivors (1024K)
 Metaspace       used 7186K, committed 7360K, reserved 1056768K
  class space    used 872K, committed 960K, reserved 1048576K
}
Event: 8.194 GC heap after
{Heap after GC invocations=22 (full 0):
 garbage-first heap   total 551936K, used 5707K [0x00000000c1e00000, 0x0000000100000000)
  region size 1024K, 1 young (1024K), 1 survivors (1024K)
 Metaspace       used 7186K, committed 7360K, reserved 1056768K
  class space    used 872K, committed 960K, reserved 1048576K
}
Event: 9.863 GC heap before
{Heap before GC invocations=22 (full 0):
 garbage-first heap   total 551936K, used 335435K [0x00000000c1e00000, 0x0000000100000000)
  region size 1024K, 323 young (330752K), 1 survivors (1024K)
 Metaspace       used 7186K, committed 7360K, reserved 1056768K
  class space    used 872K, committed 960K, reserved 1048576K
}
Event: 10.428 GC heap after
{Heap after GC invocations=23 (full 0):
 garbage-first heap   total 551936K, used 5718K [0x00000000c1e00000, 0x0000000100000000)
  region size 1024K, 1 young (1024K), 1 survivors (1024K)
 Metaspace       used 7186K, committed 7360K, reserved 1056768K
  class space    used 872K, committed 960K, reserved 1048576K
}
Event: 10.646 GC heap before
{Heap before GC invocations=23 (full 0):
 garbage-first heap   total 551936K, used 31318K [0x00000000c1e00000, 0x0000000100000000)
  region size 1024K, 26 young (26624K), 1 survivors (1024K)
 Metaspace       used 7186K, committed 7360K, reserved 1056768K
  class space    used 872K, committed 960K, reserved 1048576K
}

